<?xml version="1.0" encoding="UTF-8"?>
<!-- Generated by org.testng.reporters.JUnitXMLReporter -->
<testsuite hostname="DESKTOP-JQJ5R9C" ignored="0" name="Surefire test" tests="2" failures="0" timestamp="2024-07-28T15:54:47 IST" time="13.944" errors="0">
  <testcase name="runScenario" time="7.062" classname="io.cucumber.testng.AbstractTestNGCucumberTests"/>
  <testcase name="runScenario" time="3.942" classname="io.cucumber.testng.AbstractTestNGCucumberTests"/>
</testsuite> <!-- Surefire test -->
