<?xml version="1.0" encoding="UTF-8"?>
<testsuite xmlns:xsi="http://www.w3.org/2001/XMLSchema-instance" xsi:noNamespaceSchemaLocation="https://maven.apache.org/surefire/maven-surefire-plugin/xsd/surefire-test-report-3.0.xsd" version="3.0" name="TestSuite" time="14.425" tests="2" errors="0" skipped="0" failures="0">
  <properties>
[...]
</properties>
  <testcase name="runScenario[&quot;Get all the incidents with multiquery params&quot;, &quot;ServiceNow Incident Management&quot;](1)" classname="runner.TestRunner" time="7.062">
    <system-out><![CDATA[Request method:	GET
Request URI:	https://dev231612.service-now.com/api/now/table/incident?sysparm_fields=sys_id%2C%20number%2C%20category
Proxy:			<none>
Request params:	<none>
Query params:	sysparm_fields=sys_id, number, category
Form params:	<none>
Path params:	<none>
Headers:		Accept=*/*
				Content-Type=application/json
Cookies:		<none>
Multiparts:		<none>
Body:			<none>
Full Response: {"result":[{"sys_id":"1c741bd70b2322007518478d83673af3","number":"INC0000060","category":"inquiry"},{"sys_id":"1c832706732023002728660c4cf6a7b9","number":"INC0009002","category":"Hardware"},{"sys_id":"46b66a40a9fe198101f243dfbc79033d","number":"INC0000009","category":"inquiry"},{"sys_id":"46b9490da9fe1981003c938dab89bda3","number":"INC0000010","category":"database"},{"sys_id":"46c03489a9fe19810148cd5b8cbf501e","number":"INC0000011","category":"inquiry"},{"sys_id":"46c88ac1a9fe1981014de1c831fbcf6d","number":"INC0000012","category":"software"},{"sys_id":"46cebb88a9fe198101aee93734f9768b","number":"INC0000013","category":"inquiry"},{"sys_id":"46e18c0fa9fe19810066a0083f76bd56","number":"INC0000014","category":"inquiry"},{"sys_id":"46ee0924a9fe198100f1cf78c198454a","number":"INC0000021","category":"inquiry"},{"sys_id":"46ee8c2fa9fe198100623592c70d643e","number":"INC0000024","category":"inquiry"},{"sys_id":"46f1784ba9fe19810018aa27fbb23482","number":"INC0000026","category":"hardware"},{"sys_id":"46f3ee0ea9fe198100c5c0e53d5abe0b","number":"INC0000028","category":"inquiry"},{"sys_id":"46f6ede0a9fe198100e10154c34a0c2a","number":"INC0000030","category":"hardware"},{"sys_id":"47079b68a9fe198100a614a4c225c88d","number":"INC0000032","category":"inquiry"},{"sys_id":"470af5afa9fe198101b324dd773ef379","number":"INC0000033","category":"inquiry"},{"sys_id":"470d51a0a9fe1981006c20c825e48933","number":"INC0000034","category":"software"},{"sys_id":"47138238a9fe1981016e3762d1fd26d4","number":"INC0000035","category":"inquiry"},{"sys_id":"4714a2aca9fe198100ecabacf6273482","number":"INC0000036","category":"inquiry"},{"sys_id":"4717dfe5a9fe198100450448b2404c16","number":"INC0000038","category":"software"},{"sys_id":"8d6246c7c0a80164012fb063cecd4ace","number":"INC0000006","category":"software"},{"sys_id":"8d641046c0a80164000bc7c0d3ed46a0","number":"INC0000008","category":"inquiry"},{"sys_id":"9c573169c611228700193229fff72400","number":"INC0000001","category":"network"},{"sys_id":"9d3c1197c611228701cd1d94bc32d76d","number":"INC0000004","category":"inquiry"},{"sys_id":"9e7f9864532023004247ddeeff7b121f","number":"INC0000601","category":"hardware"},{"sys_id":"9fffc328731823002728660c4cf6a742","number":"INC0009003","category":"inquiry"},{"sys_id":"e329de99731423002728660c4cf6a73c","number":"INC0009004","category":"software"},{"sys_id":"e8e875b0c0a80164009dc852b4d677d5","number":"INC0000005","category":"hardware"},{"sys_id":"01cb9dc097230210c44d7e70f053af07","number":"INC0010139","category":"inquiry"},{"sys_id":"0211c57f97930210c44d7e70f053af2a","number":"INC0010090","category":"software"},{"sys_id":"02356c2f97820210c44d7e70f053af4e","number":"INC0010003","category":"inquiry"},{"sys_id":"026748f297230210c44d7e70f053af66","number":"INC0010152","category":"inquiry"},{"sys_id":"0462a0af97530210c44d7e70f053aff1","number":"INC0010073","category":"inquiry"},{"sys_id":"04f00ab797970210c44d7e70f053af83","number":"INC0010130","category":"software"},{"sys_id":"07015dfb97d30210c44d7e70f053af04","number":"INC0010116","category":"inquiry"},{"sys_id":"0aa06c2f97530210c44d7e70f053af90","number":"INC0010065","category":"inquiry"},{"sys_id":"0b711dfb97d30210c44d7e70f053af35","number":"INC0010120","category":"inquiry"},{"sys_id":"0c0b15c097230210c44d7e70f053af49","number":"INC0010132","category":"inquiry"},{"sys_id":"0c5f3cece1b12010f877971dea0b1449","number":"INC0008001","category":"inquiry"},{"sys_id":"101115fb97d30210c44d7e70f053af33","number":"INC0010118","category":"software"},{"sys_id":"122acd5197430210c44d7e70f053af9e","number":"INC0010034","category":"inquiry"},{"sys_id":"1503340997c30210c44d7e70f053af12","number":"INC0010028","category":"inquiry"},{"sys_id":"1790146f97130210c44d7e70f053af3f","number":"INC0010055","category":"inquiry"},{"sys_id":"1871ec6f97530210c44d7e70f053af64","number":"INC0010070","category":"inquiry"},{"sys_id":"19808d3f97930210c44d7e70f053af69","number":"INC0010089","category":"inquiry"},{"sys_id":"1b54853397d30210c44d7e70f053af61","number":"INC0010095","category":"inquiry"},{"sys_id":"1bb701f397d30210c44d7e70f053aff8","number":"INC0010099","category":"inquiry"},{"sys_id":"1bbb9dc097230210c44d7e70f053afe4","number":"INC0010138","category":"inquiry"},{"sys_id":"1dd1f0bf97530210c44d7e70f053afec","number":"INC0010080","category":"software"},{"sys_id":"1fa9cac297230210c44d7e70f053af75","number":"INC0010149","category":"inquiry"},{"sys_id":"1fc309ff97930210c44d7e70f053af03","number":"INC0010093","category":"inquiry"},{"sys_id":"253a4d7797d30210c44d7e70f053afd5","number":"INC0010105","category":"inquiry"},{"sys_id":"258146f797970210c44d7e70f053af3f","number":"INC0010131","category":"software"},{"sys_id":"280f9fe497030210c44d7e70f053af6f","number":"INC0010022","category":"inquiry"},{"sys_id":"289a95a2971b0210c44d7e70f053afba","number":"INC0010046","category":"inquiry"},{"sys_id":"28a0e06f97530210c44d7e70f053afd1","number":"INC0010063","category":"inquiry"},{"sys_id":"2a75606397930210c44d7e70f053afd3","number":"INC0010075","category":"software"},{"sys_id":"2a992c2397c20210c44d7e70f053af7a","number":"INC0010007","category":"inquiry"},{"sys_id":"2b61246f97530210c44d7e70f053af15","number":"INC0010069","category":"inquiry"},{"sys_id":"2ce367f197a20210c44d7e70f053af80","number":"INC0010016","category":"software"},{"sys_id":"2db5dc7897c30210c44d7e70f053af1c","number":"INC0010026","category":"inquiry"},{"sys_id":"2eb785f397d30210c44d7e70f053af4d","number":"INC0010098","category":"inquiry"},{"sys_id":"2fe8c13797d30210c44d7e70f053afb4","number":"INC0010102","category":"inquiry"},{"sys_id":"310e418397230210c44d7e70f053af6f","number":"INC0010155","category":"inquiry"},{"sys_id":"316950a797530210c44d7e70f053afad","number":"INC0010062","category":"inquiry"},{"sys_id":"34109dbb97d30210c44d7e70f053af97","number":"INC0010112","category":"inquiry"},{"sys_id":"3690986f97130210c44d7e70f053afe4","number":"INC0010054","category":"inquiry"},{"sys_id":"36e218ef97130210c44d7e70f053af0b","number":"INC0010056","category":"inquiry"},{"sys_id":"3af4503897c30210c44d7e70f053af4a","number":"INC0010025","category":"inquiry"},{"sys_id":"3e99242397c20210c44d7e70f053af30","number":"INC0010008","category":"inquiry"},{"sys_id":"438a95a2971b0210c44d7e70f053afb1","number":"INC0010044","category":"inquiry"},{"sys_id":"46e2fee9a9fe19810049b49dee0daf58","number":"INC0000015","category":"software"},{"sys_id":"46e3e949a9fe19810069b824ba2c761a","number":"INC0000016","category":"hardware"},{"sys_id":"46e482d9a9fe198101d3e3f3e2a14459","number":"INC0000017","category":"inquiry"},{"sys_id":"46e57642a9fe1981000b96a5dca501ff","number":"INC0000018","category":""},{"sys_id":"46e8219ba9fe1981013806b6e04fed06","number":"INC0000019","category":"software"},{"sys_id":"46edaa6aa9fe198101b9d14ced16619f","number":"INC0000020","category":"inquiry"},{"sys_id":"46f09e75a9fe198100f4ffd8d366d17b","number":"INC0000025","category":"hardware"},{"sys_id":"46f4f4dfa9fe198100063e60278f76ec","number":"INC0000027","category":"software"},{"sys_id":"46f67787a9fe198101e06dfcf3a78e99","number":"INC0000029","category":"inquiry"},{"sys_id":"47064b68a9fe19810186793eefffc9b7","number":"INC0000031","category":"inquiry"},{"sys_id":"4715ab62a9fe1981018c3efb96143495","number":"INC0000037","category":"inquiry"},{"sys_id":"471bfbc7a9fe198101e77a3e10e5d47f","number":"INC0000039","category":"network"},{"sys_id":"471d4732a9fe198100affbf655e59172","number":"INC0000040","category":"inquiry"},{"sys_id":"471eb058a9fe198100f89592e1ea93d3","number":"INC0000041","category":"hardware"},{"sys_id":"47204688a9fe1981011a20af100f381a","number":"INC0000044","category":""},{"sys_id":"47256cab97820210c44d7e70f053afc2","number":"INC0010002","category":"inquiry"},{"sys_id":"495cc1d197430210c44d7e70f053af2b","number":"INC0010035","category":"software"},{"sys_id":"49b90ec297230210c44d7e70f053af9e","number":"INC0010150","category":"inquiry"},{"sys_id":"4a0b1d0097230210c44d7e70f053afe6","number":"INC0010133","category":"inquiry"},{"sys_id":"4b616c2f97530210c44d7e70f053af98","number":"INC0010068","category":"inquiry"},{"sys_id":"4b82308597c30210c44d7e70f053af80","number":"INC0010027","category":"inquiry"},{"sys_id":"4d2cd5e2971b0210c44d7e70f053afb7","number":"INC0010051","category":"inquiry"},{"sys_id":"4e3b8d7797d30210c44d7e70f053afa3","number":"INC0010108","category":"inquiry"},{"sys_id":"50b5313f97570210c44d7e70f053af3c","number":"INC0010128","category":"software"},{"sys_id":"51399b6097030210c44d7e70f053af74","number":"INC0010021","category":"inquiry"},{"sys_id":"5299242397c20210c44d7e70f053af2b","number":"INC0010006","category":"software"},{"sys_id":"53fdc54397230210c44d7e70f053af0d","number":"INC0010154","category":"inquiry"},{"sys_id":"5493bbb497230210c44d7e70f053aff9","number":"INC0010144","category":"inquiry"},{"sys_id":"54ba4d7797d30210c44d7e70f053afdb","number":"INC0010107","category":"inquiry"},{"sys_id":"552c48888c033300964f4932b03eb092","number":"INC0008112","category":"inquiry"},{"sys_id":"57af7aec73d423002728660c4cf6a71c","number":"INC0009009","category":"inquiry"},{"sys_id":"58d2fceb97930210c44d7e70f053af96","number":"INC0010077","category":"software"},{"sys_id":"5986bcb397930210c44d7e70f053af71","number":"INC0010083","category":"software"},{"sys_id":"5d69d86797530210c44d7e70f053af5f","number":"INC0010061","category":"inquiry"},{"sys_id":"650c128c97e30210c44d7e70f053afe4","number":"INC0010141","category":"inquiry"},{"sys_id":"651011bb97d30210c44d7e70f053afdb","number":"INC0010113","category":"inquiry"},{"sys_id":"655b5dc097230210c44d7e70f053affe","number":"INC0010135","category":"inquiry"},{"sys_id":"69a9cac297230210c44d7e70f053afa8","number":"INC0010148","category":"inquiry"},{"sys_id":"6c6950a797530210c44d7e70f053afa8","number":"INC0010060","category":"inquiry"},{"sys_id":"6e8701f397d30210c44d7e70f053aff3","number":"INC0010097","category":"inquiry"},{"sys_id":"6eb5bf6f97b20210c44d7e70f053af7e","number":"INC0010019","category":"inquiry"},{"sys_id":"6ff80ec297230210c44d7e70f053af95","number":"INC0010147","category":"inquiry"},{"sys_id":"70366bda97160210c44d7e70f053af6f","number":"INC0010015","category":"software"},{"sys_id":"708041fb97930210c44d7e70f053af73","number":"INC0010088","category":"inquiry"},{"sys_id":"72edfc3b97930210c44d7e70f053afe0","number":"INC0010086","category":"software"},{"sys_id":"738a11a2971b0210c44d7e70f053af87","number":"INC0010045","category":"inquiry"},{"sys_id":"75f8ce0297230210c44d7e70f053af7b","number":"INC0010146","category":"inquiry"},{"sys_id":"78271e1347c12200e0ef563dbb9a7109","number":"INC0000057","category":"inquiry"},{"sys_id":"7862ec6f97530210c44d7e70f053afb7","number":"INC0010074","category":"inquiry"},{"sys_id":"7d733dbb97570210c44d7e70f053af4e","number":"INC0010127","category":"software"},{"sys_id":"7f59d86797530210c44d7e70f053af5a","number":"INC0010059","category":"inquiry"},{"sys_id":"7f81a43397530210c44d7e70f053afb4","number":"INC0010078","category":"inquiry"},{"sys_id":"83992c2397c20210c44d7e70f053af7f","number":"INC0010009","category":"inquiry"},{"sys_id":"8432973397430210c44d7e70f053afe4","number":"INC0010038","category":"inquiry"},{"sys_id":"85071a1347c12200e0ef563dbb9a71c1","number":"INC0000059","category":"inquiry"},{"sys_id":"8877743797930210c44d7e70f053af12","number":"INC0010084","category":"software"},{"sys_id":"88a9ac2397c20210c44d7e70f053afa9","number":"INC0010011","category":"inquiry"},{"sys_id":"89fd014397230210c44d7e70f053af3f","number":"INC0010153","category":"inquiry"},{"sys_id":"8d6353eac0a8016400d8a125ca14fc1f","number":"INC0000007","category":"database"},{"sys_id":"9072f86f97930210c44d7e70f053af89","number":"INC0010076","category":"software"},{"sys_id":"92554bf397030210c44d7e70f053afc9","number":"INC0010037","category":"inquiry"},{"sys_id":"965c9e5347c12200e0ef563dbb9a7156","number":"INC0000058","category":"inquiry"},{"sys_id":"98cc459197430210c44d7e70f053afbc","number":"INC0010036","category":"software"},{"sys_id":"98f8cdf397d30210c44d7e70f053af8a","number":"INC0010103","category":"inquiry"},{"sys_id":"9984147897c30210c44d7e70f053afc8","number":"INC0010024","category":"inquiry"},{"sys_id":"9a61e06f97530210c44d7e70f053afdc","number":"INC0010067","category":"inquiry"},{"sys_id":"9acbd5a2971b0210c44d7e70f053af31","number":"INC0010047","category":"inquiry"},{"sys_id":"9d385017c611228701d22104cc95c371","number":"INC0000002","category":"network"},{"sys_id":"9dc3143897c30210c44d7e70f053afff","number":"INC0010023","category":"inquiry"},{"sys_id":"a2496c05731110107418660c4cf6a711","number":"INC0001990","category":"inquiry"},{"sys_id":"a623cdb073a023002728660c4cf6a768","number":"INC0009001","category":"inquiry"},{"sys_id":"a652ec6f97530210c44d7e70f053afb3","number":"INC0010071","category":"inquiry"},{"sys_id":"a83820b58f723300e7e16c7827bdeed2","number":"INC0008111","category":"inquiry"},{"sys_id":"a9a16740c61122760004fe9095b7ddca","number":"INC0000047","category":"inquiry"},{"sys_id":"a9e30c7dc61122760116894de7bcc7bd","number":"INC0000046","category":"software"},{"sys_id":"a9e428cac61122760075710592216c58","number":"INC0000048","category":""},{"sys_id":"ad2801f397d30210c44d7e70f053af65","number":"INC0010101","category":"inquiry"},{"sys_id":"adf60cb297230210c44d7e70f053af92","number":"INC0010151","category":"software"},{"sys_id":"afe258af97130210c44d7e70f053afae","number":"INC0010057","category":"inquiry"},{"sys_id":"aff5e7da97160210c44d7e70f053af5b","number":"INC0010014","category":"software"},{"sys_id":"b125a8eb97820210c44d7e70f053afd0","number":"INC0010001","category":"inquiry"},{"sys_id":"b12c59e2971b0210c44d7e70f053af05","number":"INC0010052","category":"inquiry"},{"sys_id":"b1b728af97820210c44d7e70f053af21","number":"INC0010004","category":"software"},{"sys_id":"b42845f397d30210c44d7e70f053af71","number":"INC0010100","category":"inquiry"},{"sys_id":"b51824af97820210c44d7e70f053afe2","number":"INC0010005","category":"inquiry"},{"sys_id":"b6cb550497230210c44d7e70f053af48","number":"INC0010140","category":"inquiry"},{"sys_id":"b8f1516197130210c44d7e70f053af3b","number":"INC0010042","category":"inquiry"},{"sys_id":"ba31737497230210c44d7e70f053af29","number":"INC0010143","category":"inquiry"},{"sys_id":"bbcbd5e2971b0210c44d7e70f053afb3","number":"INC0010049","category":"inquiry"},{"sys_id":"bbce0d3b97d30210c44d7e70f053afb1","number":"INC0010110","category":"inquiry"},{"sys_id":"bcd274ff97530210c44d7e70f053af8e","number":"INC0010082","category":"software"},{"sys_id":"bd90986f97130210c44d7e70f053af4d","number":"INC0010053","category":"inquiry"},{"sys_id":"bed2b1bb97570210c44d7e70f053af6e","number":"INC0010125","category":"software"},{"sys_id":"c0f11d2197130210c44d7e70f053afa1","number":"INC0010041","category":"inquiry"},{"sys_id":"c16b9dc097230210c44d7e70f053af27","number":"INC0010137","category":"inquiry"},{"sys_id":"c1e0307f97530210c44d7e70f053af67","number":"INC0010079","category":"software"},{"sys_id":"c231b77497230210c44d7e70f053afbf","number":"INC0010142","category":"inquiry"},{"sys_id":"c4f2982397530210c44d7e70f053afd5","number":"INC0010058","category":"inquiry"},{"sys_id":"c5115dfb97d30210c44d7e70f053af08","number":"INC0010119","category":"hardware"},{"sys_id":"c723340997c30210c44d7e70f053af16","number":"INC0010029","category":"inquiry"},{"sys_id":"c81b950097230210c44d7e70f053afa3","number":"INC0010134","category":"inquiry"},{"sys_id":"cca9ac2397c20210c44d7e70f053afb1","number":"INC0010012","category":"inquiry"},{"sys_id":"cd4b552d97130210c44d7e70f053af75","number":"INC0010043","category":"software"},{"sys_id":"cddb2db397570210c44d7e70f053af17","number":"INC0010124","category":"software"},{"sys_id":"ce1011bb97d30210c44d7e70f053afb9","number":"INC0010114","category":"software"},{"sys_id":"cfcb59e2971b0210c44d7e70f053af00","number":"INC0010048","category":"inquiry"},{"sys_id":"d083c5ff97930210c44d7e70f053afd0","number":"INC0010091","category":"software"},{"sys_id":"d35b9dc097230210c44d7e70f053afdf","number":"INC0010136","category":"inquiry"},{"sys_id":"d7158da0c0a8016700eef46c8d1f3661","number":"INC0000051","category":"software"},{"sys_id":"d7195138c0a8016700fd68449cfcd484","number":"INC0000052","category":"software"},{"sys_id":"d71b3b41c0a8016700a8ef040791e72a","number":"INC0000053","category":"inquiry"},{"sys_id":"d71da88ac0a801670061eabfe4b28f77","number":"INC0000054","category":"software"},{"sys_id":"d71f7935c0a8016700802b64c67c11c6","number":"INC0000055","category":""},{"sys_id":"d8a9ac2397c20210c44d7e70f053afb5","number":"INC0010013","category":"inquiry"},{"sys_id":"d9811dfb97d30210c44d7e70f053af39","number":"INC0010123","category":"hardware"},{"sys_id":"d99d787b97930210c44d7e70f053afc3","number":"INC0010085","category":"software"},{"sys_id":"dac3c5ff97930210c44d7e70f053afc5","number":"INC0010092","category":"inquiry"},{"sys_id":"dc2cd5a2971b0210c44d7e70f053af36","number":"INC0010050","category":"inquiry"},{"sys_id":"df6eef5c97030210c44d7e70f053af9e","number":"INC0010020","category":"inquiry"},{"sys_id":"e3aa4d7797d30210c44d7e70f053af9e","number":"INC0010106","category":"inquiry"},{"sys_id":"e481593f97d30210c44d7e70f053af03","number":"INC0010122","category":"software"},{"sys_id":"e5a020eb97530210c44d7e70f053afaf","number":"INC0010064","category":"inquiry"},{"sys_id":"e603fdbb97570210c44d7e70f053afcb","number":"INC0010126","category":"software"},{"sys_id":"e6544dbf97930210c44d7e70f053afe3","number":"INC0010094","category":"inquiry"},{"sys_id":"e7526caf97530210c44d7e70f053afb7","number":"INC0010072","category":"inquiry"},{"sys_id":"e799a42397c20210c44d7e70f053af06","number":"INC0010010","category":"software"},{"sys_id":"e8caedcbc0a80164017df472f39eaed1","number":"INC0000003","category":"network"},{"sys_id":"eaa0e06f97530210c44d7e70f053afd5","number":"INC0010066","category":"inquiry"},{"sys_id":"eaeb35f397970210c44d7e70f053afe5","number":"INC0010129","category":"software"},{"sys_id":"ec7238bf97530210c44d7e70f053af1d","number":"INC0010081","category":"software"},{"sys_id":"ecde857b97d30210c44d7e70f053afbf","number":"INC0010111","category":"inquiry"},{"sys_id":"ed29e33797830210c44d7e70f053af7d","number":"INC0010039","category":"inquiry"},{"sys_id":"ed3f30bb97930210c44d7e70f053af40","number":"INC0010087","category":"software"},{"sys_id":"ed92e8d173d023002728660c4cf6a7bc","number":"INC0009005","category":"software"},{"sys_id":"ef4225a40a0a0b5700d0b8a790747812","number":"INC0000049","category":"network"},{"sys_id":"ef43c6d40a0a0b5700c77f9bf387afe3","number":"INC0000050","category":"hardware"},{"sys_id":"f12ca184735123002728660c4cf6a7ef","number":"INC0007001","category":"hardware"},{"sys_id":"f279e77797830210c44d7e70f053af0e","number":"INC0010040","category":"inquiry"},{"sys_id":"f301d9bb97d30210c44d7e70f053af2b","number":"INC0010117","category":"inquiry"},{"sys_id":"f43acdf397d30210c44d7e70f053af2c","number":"INC0010104","category":"inquiry"},{"sys_id":"f6109dbb97d30210c44d7e70f053af9b","number":"INC0010115","category":"hardware"},{"sys_id":"f63b0db797d30210c44d7e70f053af8f","number":"INC0010109","category":"inquiry"},{"sys_id":"f758396797230210c44d7e70f053af57","number":"INC0010156","category":"inquiry"},{"sys_id":"f764dd4597470210c44d7e70f053afeb","number":"INC0010030","category":"software"},{"sys_id":"f7e8c20297230210c44d7e70f053af7f","number":"INC0010145","category":"inquiry"},{"sys_id":"f98785f397d30210c44d7e70f053af48","number":"INC0010096","category":"inquiry"},{"sys_id":"fb71913f97d30210c44d7e70f053afa8","number":"INC0010121","category":"inquiry"},{"sys_id":"ff4c21c4735123002728660c4cf6a758","number":"INC0007002","category":"inquiry"}]}
Random sys_id: 46ee8c2fa9fe198100623592c70d643e
HTTP/1.1 200 OK
Server-Timing: sem_wait;dur=0, sesh_wait;dur=0
Content-Encoding: gzip
X-Is-Logged-In: true
X-Transaction-ID: 49df3963d800
X-Total-Count: 218
X-Content-Type-Options: nosniff
Pragma: no-store,no-cache
Cache-Control: no-cache,no-store,must-revalidate,max-age=-1
Expires: 0
Content-Type: application/json;charset=UTF-8
Transfer-Encoding: chunked
Date: Sun, 28 Jul 2024 10:24:40 GMT
Keep-Alive: timeout=70
Connection: keep-alive
Server: ServiceNow
Set-Cookie: JSESSIONID=B1F4059128B66DD3B8895739FB8826BB; Path=/; HttpOnly; SameSite=None; Secure
Set-Cookie: glide_user=; Max-Age=0; Expires=Thu, 01-Jan-1970 00:00:10 GMT; Path=/; Secure; HttpOnly; SameSite=None; Secure
Set-Cookie: glide_user_session=; Max-Age=0; Expires=Thu, 01-Jan-1970 00:00:10 GMT; Path=/; Secure; HttpOnly; SameSite=None; Secure
Set-Cookie: glide_user_route=glide.3d9d580c25168a2594b26a61419f92d8; Max-Age=2147483647; Expires=Fri, 15-Aug-2092 13:38:47 GMT; Path=/; Secure; HttpOnly; SameSite=None; Secure
Set-Cookie: glide_session_store=05DF396397230210C44D7E70F053AFD8; Max-Age=1800; Expires=Sun, 28-Jul-2024 10:54:40 GMT; Path=/; Secure; HttpOnly; SameSite=None; Secure
Set-Cookie: BIGipServerpool_dev231612=2424348426.55104.0000; path=/; Httponly; Secure; SameSite=None; Secure
Strict-Transport-Security: max-age=63072000; includeSubDomains

{
    "result": [
        {
            "sys_id": "1c741bd70b2322007518478d83673af3",
            "number": "INC0000060",
            "category": "inquiry"
        },
        {
            "sys_id": "1c832706732023002728660c4cf6a7b9",
            "number": "INC0009002",
            "category": "Hardware"
        },
        {
            "sys_id": "46b66a40a9fe198101f243dfbc79033d",
            "number": "INC0000009",
            "category": "inquiry"
        },
        {
            "sys_id": "46b9490da9fe1981003c938dab89bda3",
            "number": "INC0000010",
            "category": "database"
        },
        {
            "sys_id": "46c03489a9fe19810148cd5b8cbf501e",
            "number": "INC0000011",
            "category": "inquiry"
        },
        {
            "sys_id": "46c88ac1a9fe1981014de1c831fbcf6d",
            "number": "INC0000012",
            "category": "software"
        },
        {
            "sys_id": "46cebb88a9fe198101aee93734f9768b",
            "number": "INC0000013",
            "category": "inquiry"
        },
        {
            "sys_id": "46e18c0fa9fe19810066a0083f76bd56",
            "number": "INC0000014",
            "category": "inquiry"
        },
        {
            "sys_id": "46ee0924a9fe198100f1cf78c198454a",
            "number": "INC0000021",
            "category": "inquiry"
        },
        {
            "sys_id": "46ee8c2fa9fe198100623592c70d643e",
            "number": "INC0000024",
            "category": "inquiry"
        },
        {
            "sys_id": "46f1784ba9fe19810018aa27fbb23482",
            "number": "INC0000026",
            "category": "hardware"
        },
        {
            "sys_id": "46f3ee0ea9fe198100c5c0e53d5abe0b",
            "number": "INC0000028",
            "category": "inquiry"
        },
        {
            "sys_id": "46f6ede0a9fe198100e10154c34a0c2a",
            "number": "INC0000030",
            "category": "hardware"
        },
        {
            "sys_id": "47079b68a9fe198100a614a4c225c88d",
            "number": "INC0000032",
            "category": "inquiry"
        },
        {
            "sys_id": "470af5afa9fe198101b324dd773ef379",
            "number": "INC0000033",
            "category": "inquiry"
        },
        {
            "sys_id": "470d51a0a9fe1981006c20c825e48933",
            "number": "INC0000034",
            "category": "software"
        },
        {
            "sys_id": "47138238a9fe1981016e3762d1fd26d4",
            "number": "INC0000035",
            "category": "inquiry"
        },
        {
            "sys_id": "4714a2aca9fe198100ecabacf6273482",
            "number": "INC0000036",
            "category": "inquiry"
        },
        {
            "sys_id": "4717dfe5a9fe198100450448b2404c16",
            "number": "INC0000038",
            "category": "software"
        },
        {
            "sys_id": "8d6246c7c0a80164012fb063cecd4ace",
            "number": "INC0000006",
            "category": "software"
        },
        {
            "sys_id": "8d641046c0a80164000bc7c0d3ed46a0",
            "number": "INC0000008",
            "category": "inquiry"
        },
        {
            "sys_id": "9c573169c611228700193229fff72400",
            "number": "INC0000001",
            "category": "network"
        },
        {
            "sys_id": "9d3c1197c611228701cd1d94bc32d76d",
            "number": "INC0000004",
            "category": "inquiry"
        },
        {
            "sys_id": "9e7f9864532023004247ddeeff7b121f",
            "number": "INC0000601",
            "category": "hardware"
        },
        {
            "sys_id": "9fffc328731823002728660c4cf6a742",
            "number": "INC0009003",
            "category": "inquiry"
        },
        {
            "sys_id": "e329de99731423002728660c4cf6a73c",
            "number": "INC0009004",
            "category": "software"
        },
        {
            "sys_id": "e8e875b0c0a80164009dc852b4d677d5",
            "number": "INC0000005",
            "category": "hardware"
        },
        {
            "sys_id": "01cb9dc097230210c44d7e70f053af07",
            "number": "INC0010139",
            "category": "inquiry"
        },
        {
            "sys_id": "0211c57f97930210c44d7e70f053af2a",
            "number": "INC0010090",
            "category": "software"
        },
        {
            "sys_id": "02356c2f97820210c44d7e70f053af4e",
            "number": "INC0010003",
            "category": "inquiry"
        },
        {
            "sys_id": "026748f297230210c44d7e70f053af66",
            "number": "INC0010152",
            "category": "inquiry"
        },
        {
            "sys_id": "0462a0af97530210c44d7e70f053aff1",
            "number": "INC0010073",
            "category": "inquiry"
        },
        {
            "sys_id": "04f00ab797970210c44d7e70f053af83",
            "number": "INC0010130",
            "category": "software"
        },
        {
            "sys_id": "07015dfb97d30210c44d7e70f053af04",
            "number": "INC0010116",
            "category": "inquiry"
        },
        {
            "sys_id": "0aa06c2f97530210c44d7e70f053af90",
            "number": "INC0010065",
            "category": "inquiry"
        },
        {
            "sys_id": "0b711dfb97d30210c44d7e70f053af35",
            "number": "INC0010120",
            "category": "inquiry"
        },
        {
            "sys_id": "0c0b15c097230210c44d7e70f053af49",
            "number": "INC0010132",
            "category": "inquiry"
        },
        {
            "sys_id": "0c5f3cece1b12010f877971dea0b1449",
            "number": "INC0008001",
            "category": "inquiry"
        },
        {
            "sys_id": "101115fb97d30210c44d7e70f053af33",
            "number": "INC0010118",
            "category": "software"
        },
        {
            "sys_id": "122acd5197430210c44d7e70f053af9e",
            "number": "INC0010034",
            "category": "inquiry"
        },
        {
            "sys_id": "1503340997c30210c44d7e70f053af12",
            "number": "INC0010028",
            "category": "inquiry"
        },
        {
            "sys_id": "1790146f97130210c44d7e70f053af3f",
            "number": "INC0010055",
            "category": "inquiry"
        },
        {
            "sys_id": "1871ec6f97530210c44d7e70f053af64",
            "number": "INC0010070",
            "category": "inquiry"
        },
        {
            "sys_id": "19808d3f97930210c44d7e70f053af69",
            "number": "INC0010089",
            "category": "inquiry"
        },
        {
            "sys_id": "1b54853397d30210c44d7e70f053af61",
            "number": "INC0010095",
            "category": "inquiry"
        },
        {
            "sys_id": "1bb701f397d30210c44d7e70f053aff8",
            "number": "INC0010099",
            "category": "inquiry"
        },
        {
            "sys_id": "1bbb9dc097230210c44d7e70f053afe4",
            "number": "INC0010138",
            "category": "inquiry"
        },
        {
            "sys_id": "1dd1f0bf97530210c44d7e70f053afec",
            "number": "INC0010080",
            "category": "software"
        },
        {
            "sys_id": "1fa9cac297230210c44d7e70f053af75",
            "number": "INC0010149",
            "category": "inquiry"
        },
        {
            "sys_id": "1fc309ff97930210c44d7e70f053af03",
            "number": "INC0010093",
            "category": "inquiry"
        },
        {
            "sys_id": "253a4d7797d30210c44d7e70f053afd5",
            "number": "INC0010105",
            "category": "inquiry"
        },
        {
            "sys_id": "258146f797970210c44d7e70f053af3f",
            "number": "INC0010131",
            "category": "software"
        },
        {
            "sys_id": "280f9fe497030210c44d7e70f053af6f",
            "number": "INC0010022",
            "category": "inquiry"
        },
        {
            "sys_id": "289a95a2971b0210c44d7e70f053afba",
            "number": "INC0010046",
            "category": "inquiry"
        },
        {
            "sys_id": "28a0e06f97530210c44d7e70f053afd1",
            "number": "INC0010063",
            "category": "inquiry"
        },
        {
            "sys_id": "2a75606397930210c44d7e70f053afd3",
            "number": "INC0010075",
            "category": "software"
        },
        {
            "sys_id": "2a992c2397c20210c44d7e70f053af7a",
            "number": "INC0010007",
            "category": "inquiry"
        },
        {
            "sys_id": "2b61246f97530210c44d7e70f053af15",
            "number": "INC0010069",
            "category": "inquiry"
        },
        {
            "sys_id": "2ce367f197a20210c44d7e70f053af80",
            "number": "INC0010016",
            "category": "software"
        },
        {
            "sys_id": "2db5dc7897c30210c44d7e70f053af1c",
            "number": "INC0010026",
            "category": "inquiry"
        },
        {
            "sys_id": "2eb785f397d30210c44d7e70f053af4d",
            "number": "INC0010098",
            "category": "inquiry"
        },
        {
            "sys_id": "2fe8c13797d30210c44d7e70f053afb4",
            "number": "INC0010102",
            "category": "inquiry"
        },
        {
            "sys_id": "310e418397230210c44d7e70f053af6f",
            "number": "INC0010155",
            "category": "inquiry"
        },
        {
            "sys_id": "316950a797530210c44d7e70f053afad",
            "number": "INC0010062",
            "category": "inquiry"
        },
        {
            "sys_id": "34109dbb97d30210c44d7e70f053af97",
            "number": "INC0010112",
            "category": "inquiry"
        },
        {
            "sys_id": "3690986f97130210c44d7e70f053afe4",
            "number": "INC0010054",
            "category": "inquiry"
        },
        {
            "sys_id": "36e218ef97130210c44d7e70f053af0b",
            "number": "INC0010056",
            "category": "inquiry"
        },
        {
            "sys_id": "3af4503897c30210c44d7e70f053af4a",
            "number": "INC0010025",
            "category": "inquiry"
        },
        {
            "sys_id": "3e99242397c20210c44d7e70f053af30",
            "number": "INC0010008",
            "category": "inquiry"
        },
        {
            "sys_id": "438a95a2971b0210c44d7e70f053afb1",
            "number": "INC0010044",
            "category": "inquiry"
        },
        {
            "sys_id": "46e2fee9a9fe19810049b49dee0daf58",
            "number": "INC0000015",
            "category": "software"
        },
        {
            "sys_id": "46e3e949a9fe19810069b824ba2c761a",
            "number": "INC0000016",
            "category": "hardware"
        },
        {
            "sys_id": "46e482d9a9fe198101d3e3f3e2a14459",
            "number": "INC0000017",
            "category": "inquiry"
        },
        {
            "sys_id": "46e57642a9fe1981000b96a5dca501ff",
            "number": "INC0000018",
            "category": ""
        },
        {
            "sys_id": "46e8219ba9fe1981013806b6e04fed06",
            "number": "INC0000019",
            "category": "software"
        },
        {
            "sys_id": "46edaa6aa9fe198101b9d14ced16619f",
            "number": "INC0000020",
            "category": "inquiry"
        },
        {
            "sys_id": "46f09e75a9fe198100f4ffd8d366d17b",
            "number": "INC0000025",
            "category": "hardware"
        },
        {
            "sys_id": "46f4f4dfa9fe198100063e60278f76ec",
            "number": "INC0000027",
            "category": "software"
        },
        {
            "sys_id": "46f67787a9fe198101e06dfcf3a78e99",
            "number": "INC0000029",
            "category": "inquiry"
        },
        {
            "sys_id": "47064b68a9fe19810186793eefffc9b7",
            "number": "INC0000031",
            "category": "inquiry"
        },
        {
            "sys_id": "4715ab62a9fe1981018c3efb96143495",
            "number": "INC0000037",
            "category": "inquiry"
        },
        {
            "sys_id": "471bfbc7a9fe198101e77a3e10e5d47f",
            "number": "INC0000039",
            "category": "network"
        },
        {
            "sys_id": "471d4732a9fe198100affbf655e59172",
            "number": "INC0000040",
            "category": "inquiry"
        },
        {
            "sys_id": "471eb058a9fe198100f89592e1ea93d3",
            "number": "INC0000041",
            "category": "hardware"
        },
        {
            "sys_id": "47204688a9fe1981011a20af100f381a",
            "number": "INC0000044",
            "category": ""
        },
        {
            "sys_id": "47256cab97820210c44d7e70f053afc2",
            "number": "INC0010002",
            "category": "inquiry"
        },
        {
            "sys_id": "495cc1d197430210c44d7e70f053af2b",
            "number": "INC0010035",
            "category": "software"
        },
        {
            "sys_id": "49b90ec297230210c44d7e70f053af9e",
            "number": "INC0010150",
            "category": "inquiry"
        },
        {
            "sys_id": "4a0b1d0097230210c44d7e70f053afe6",
            "number": "INC0010133",
            "category": "inquiry"
        },
        {
            "sys_id": "4b616c2f97530210c44d7e70f053af98",
            "number": "INC0010068",
            "category": "inquiry"
        },
        {
            "sys_id": "4b82308597c30210c44d7e70f053af80",
            "number": "INC0010027",
            "category": "inquiry"
        },
        {
            "sys_id": "4d2cd5e2971b0210c44d7e70f053afb7",
            "number": "INC0010051",
            "category": "inquiry"
        },
        {
            "sys_id": "4e3b8d7797d30210c44d7e70f053afa3",
            "number": "INC0010108",
            "category": "inquiry"
        },
        {
            "sys_id": "50b5313f97570210c44d7e70f053af3c",
            "number": "INC0010128",
            "category": "software"
        },
        {
            "sys_id": "51399b6097030210c44d7e70f053af74",
            "number": "INC0010021",
            "category": "inquiry"
        },
        {
            "sys_id": "5299242397c20210c44d7e70f053af2b",
            "number": "INC0010006",
            "category": "software"
        },
        {
            "sys_id": "53fdc54397230210c44d7e70f053af0d",
            "number": "INC0010154",
            "category": "inquiry"
        },
        {
            "sys_id": "5493bbb497230210c44d7e70f053aff9",
            "number": "INC0010144",
            "category": "inquiry"
        },
        {
            "sys_id": "54ba4d7797d30210c44d7e70f053afdb",
            "number": "INC0010107",
            "category": "inquiry"
        },
        {
            "sys_id": "552c48888c033300964f4932b03eb092",
            "number": "INC0008112",
            "category": "inquiry"
        },
        {
            "sys_id": "57af7aec73d423002728660c4cf6a71c",
            "number": "INC0009009",
            "category": "inquiry"
        },
        {
            "sys_id": "58d2fceb97930210c44d7e70f053af96",
            "number": "INC0010077",
            "category": "software"
        },
        {
            "sys_id": "5986bcb397930210c44d7e70f053af71",
            "number": "INC0010083",
            "category": "software"
        },
        {
            "sys_id": "5d69d86797530210c44d7e70f053af5f",
            "number": "INC0010061",
            "category": "inquiry"
        },
        {
            "sys_id": "650c128c97e30210c44d7e70f053afe4",
            "number": "INC0010141",
            "category": "inquiry"
        },
        {
            "sys_id": "651011bb97d30210c44d7e70f053afdb",
            "number": "INC0010113",
            "category": "inquiry"
        },
        {
            "sys_id": "655b5dc097230210c44d7e70f053affe",
            "number": "INC0010135",
            "category": "inquiry"
        },
        {
            "sys_id": "69a9cac297230210c44d7e70f053afa8",
            "number": "INC0010148",
            "category": "inquiry"
        },
        {
            "sys_id": "6c6950a797530210c44d7e70f053afa8",
            "number": "INC0010060",
            "category": "inquiry"
        },
        {
            "sys_id": "6e8701f397d30210c44d7e70f053aff3",
            "number": "INC0010097",
            "category": "inquiry"
        },
        {
            "sys_id": "6eb5bf6f97b20210c44d7e70f053af7e",
            "number": "INC0010019",
            "category": "inquiry"
        },
        {
            "sys_id": "6ff80ec297230210c44d7e70f053af95",
            "number": "INC0010147",
            "category": "inquiry"
        },
        {
            "sys_id": "70366bda97160210c44d7e70f053af6f",
            "number": "INC0010015",
            "category": "software"
        },
        {
            "sys_id": "708041fb97930210c44d7e70f053af73",
            "number": "INC0010088",
            "category": "inquiry"
        },
        {
            "sys_id": "72edfc3b97930210c44d7e70f053afe0",
            "number": "INC0010086",
            "category": "software"
        },
        {
            "sys_id": "738a11a2971b0210c44d7e70f053af87",
            "number": "INC0010045",
            "category": "inquiry"
        },
        {
            "sys_id": "75f8ce0297230210c44d7e70f053af7b",
            "number": "INC0010146",
            "category": "inquiry"
        },
        {
            "sys_id": "78271e1347c12200e0ef563dbb9a7109",
            "number": "INC0000057",
            "category": "inquiry"
        },
        {
            "sys_id": "7862ec6f97530210c44d7e70f053afb7",
            "number": "INC0010074",
            "category": "inquiry"
        },
        {
            "sys_id": "7d733dbb97570210c44d7e70f053af4e",
            "number": "INC0010127",
            "category": "software"
        },
        {
            "sys_id": "7f59d86797530210c44d7e70f053af5a",
            "number": "INC0010059",
            "category": "inquiry"
        },
        {
            "sys_id": "7f81a43397530210c44d7e70f053afb4",
            "number": "INC0010078",
            "category": "inquiry"
        },
        {
            "sys_id": "83992c2397c20210c44d7e70f053af7f",
            "number": "INC0010009",
            "category": "inquiry"
        },
        {
            "sys_id": "8432973397430210c44d7e70f053afe4",
            "number": "INC0010038",
            "category": "inquiry"
        },
        {
            "sys_id": "85071a1347c12200e0ef563dbb9a71c1",
            "number": "INC0000059",
            "category": "inquiry"
        },
        {
            "sys_id": "8877743797930210c44d7e70f053af12",
            "number": "INC0010084",
            "category": "software"
        },
        {
            "sys_id": "88a9ac2397c20210c44d7e70f053afa9",
            "number": "INC0010011",
            "category": "inquiry"
        },
        {
            "sys_id": "89fd014397230210c44d7e70f053af3f",
            "number": "INC0010153",
            "category": "inquiry"
        },
        {
            "sys_id": "8d6353eac0a8016400d8a125ca14fc1f",
            "number": "INC0000007",
            "category": "database"
        },
        {
            "sys_id": "9072f86f97930210c44d7e70f053af89",
            "number": "INC0010076",
            "category": "software"
        },
        {
            "sys_id": "92554bf397030210c44d7e70f053afc9",
            "number": "INC0010037",
            "category": "inquiry"
        },
        {
            "sys_id": "965c9e5347c12200e0ef563dbb9a7156",
            "number": "INC0000058",
            "category": "inquiry"
        },
        {
            "sys_id": "98cc459197430210c44d7e70f053afbc",
            "number": "INC0010036",
            "category": "software"
        },
        {
            "sys_id": "98f8cdf397d30210c44d7e70f053af8a",
            "number": "INC0010103",
            "category": "inquiry"
        },
        {
            "sys_id": "9984147897c30210c44d7e70f053afc8",
            "number": "INC0010024",
            "category": "inquiry"
        },
        {
            "sys_id": "9a61e06f97530210c44d7e70f053afdc",
            "number": "INC0010067",
            "category": "inquiry"
        },
        {
            "sys_id": "9acbd5a2971b0210c44d7e70f053af31",
            "number": "INC0010047",
            "category": "inquiry"
        },
        {
            "sys_id": "9d385017c611228701d22104cc95c371",
            "number": "INC0000002",
            "category": "network"
        },
        {
            "sys_id": "9dc3143897c30210c44d7e70f053afff",
            "number": "INC0010023",
            "category": "inquiry"
        },
        {
            "sys_id": "a2496c05731110107418660c4cf6a711",
            "number": "INC0001990",
            "category": "inquiry"
        },
        {
            "sys_id": "a623cdb073a023002728660c4cf6a768",
            "number": "INC0009001",
            "category": "inquiry"
        },
        {
            "sys_id": "a652ec6f97530210c44d7e70f053afb3",
            "number": "INC0010071",
            "category": "inquiry"
        },
        {
            "sys_id": "a83820b58f723300e7e16c7827bdeed2",
            "number": "INC0008111",
            "category": "inquiry"
        },
        {
            "sys_id": "a9a16740c61122760004fe9095b7ddca",
            "number": "INC0000047",
            "category": "inquiry"
        },
        {
            "sys_id": "a9e30c7dc61122760116894de7bcc7bd",
            "number": "INC0000046",
            "category": "software"
        },
        {
            "sys_id": "a9e428cac61122760075710592216c58",
            "number": "INC0000048",
            "category": ""
        },
        {
            "sys_id": "ad2801f397d30210c44d7e70f053af65",
            "number": "INC0010101",
            "category": "inquiry"
        },
        {
            "sys_id": "adf60cb297230210c44d7e70f053af92",
            "number": "INC0010151",
            "category": "software"
        },
        {
            "sys_id": "afe258af97130210c44d7e70f053afae",
            "number": "INC0010057",
            "category": "inquiry"
        },
        {
            "sys_id": "aff5e7da97160210c44d7e70f053af5b",
            "number": "INC0010014",
            "category": "software"
        },
        {
            "sys_id": "b125a8eb97820210c44d7e70f053afd0",
            "number": "INC0010001",
            "category": "inquiry"
        },
        {
            "sys_id": "b12c59e2971b0210c44d7e70f053af05",
            "number": "INC0010052",
            "category": "inquiry"
        },
        {
            "sys_id": "b1b728af97820210c44d7e70f053af21",
            "number": "INC0010004",
            "category": "software"
        },
        {
            "sys_id": "b42845f397d30210c44d7e70f053af71",
            "number": "INC0010100",
            "category": "inquiry"
        },
        {
            "sys_id": "b51824af97820210c44d7e70f053afe2",
            "number": "INC0010005",
            "category": "inquiry"
        },
        {
            "sys_id": "b6cb550497230210c44d7e70f053af48",
            "number": "INC0010140",
            "category": "inquiry"
        },
        {
            "sys_id": "b8f1516197130210c44d7e70f053af3b",
            "number": "INC0010042",
            "category": "inquiry"
        },
        {
            "sys_id": "ba31737497230210c44d7e70f053af29",
            "number": "INC0010143",
            "category": "inquiry"
        },
        {
            "sys_id": "bbcbd5e2971b0210c44d7e70f053afb3",
            "number": "INC0010049",
            "category": "inquiry"
        },
        {
            "sys_id": "bbce0d3b97d30210c44d7e70f053afb1",
            "number": "INC0010110",
            "category": "inquiry"
        },
        {
            "sys_id": "bcd274ff97530210c44d7e70f053af8e",
            "number": "INC0010082",
            "category": "software"
        },
        {
            "sys_id": "bd90986f97130210c44d7e70f053af4d",
            "number": "INC0010053",
            "category": "inquiry"
        },
        {
            "sys_id": "bed2b1bb97570210c44d7e70f053af6e",
            "number": "INC0010125",
            "category": "software"
        },
        {
            "sys_id": "c0f11d2197130210c44d7e70f053afa1",
            "number": "INC0010041",
            "category": "inquiry"
        },
        {
            "sys_id": "c16b9dc097230210c44d7e70f053af27",
            "number": "INC0010137",
            "category": "inquiry"
        },
        {
            "sys_id": "c1e0307f97530210c44d7e70f053af67",
            "number": "INC0010079",
            "category": "software"
        },
        {
            "sys_id": "c231b77497230210c44d7e70f053afbf",
            "number": "INC0010142",
            "category": "inquiry"
        },
        {
            "sys_id": "c4f2982397530210c44d7e70f053afd5",
            "number": "INC0010058",
            "category": "inquiry"
        },
        {
            "sys_id": "c5115dfb97d30210c44d7e70f053af08",
            "number": "INC0010119",
            "category": "hardware"
        },
        {
            "sys_id": "c723340997c30210c44d7e70f053af16",
            "number": "INC0010029",
            "category": "inquiry"
        },
        {
            "sys_id": "c81b950097230210c44d7e70f053afa3",
            "number": "INC0010134",
            "category": "inquiry"
        },
        {
            "sys_id": "cca9ac2397c20210c44d7e70f053afb1",
            "number": "INC0010012",
            "category": "inquiry"
        },
        {
            "sys_id": "cd4b552d97130210c44d7e70f053af75",
            "number": "INC0010043",
            "category": "software"
        },
        {
            "sys_id": "cddb2db397570210c44d7e70f053af17",
            "number": "INC0010124",
            "category": "software"
        },
        {
            "sys_id": "ce1011bb97d30210c44d7e70f053afb9",
            "number": "INC0010114",
            "category": "software"
        },
        {
            "sys_id": "cfcb59e2971b0210c44d7e70f053af00",
            "number": "INC0010048",
            "category": "inquiry"
        },
        {
            "sys_id": "d083c5ff97930210c44d7e70f053afd0",
            "number": "INC0010091",
            "category": "software"
        },
        {
            "sys_id": "d35b9dc097230210c44d7e70f053afdf",
            "number": "INC0010136",
            "category": "inquiry"
        },
        {
            "sys_id": "d7158da0c0a8016700eef46c8d1f3661",
            "number": "INC0000051",
            "category": "software"
        },
        {
            "sys_id": "d7195138c0a8016700fd68449cfcd484",
            "number": "INC0000052",
            "category": "software"
        },
        {
            "sys_id": "d71b3b41c0a8016700a8ef040791e72a",
            "number": "INC0000053",
            "category": "inquiry"
        },
        {
            "sys_id": "d71da88ac0a801670061eabfe4b28f77",
            "number": "INC0000054",
            "category": "software"
        },
        {
            "sys_id": "d71f7935c0a8016700802b64c67c11c6",
            "number": "INC0000055",
            "category": ""
        },
        {
            "sys_id": "d8a9ac2397c20210c44d7e70f053afb5",
            "number": "INC0010013",
            "category": "inquiry"
        },
        {
            "sys_id": "d9811dfb97d30210c44d7e70f053af39",
            "number": "INC0010123",
            "category": "hardware"
        },
        {
            "sys_id": "d99d787b97930210c44d7e70f053afc3",
            "number": "INC0010085",
            "category": "software"
        },
        {
            "sys_id": "dac3c5ff97930210c44d7e70f053afc5",
            "number": "INC0010092",
            "category": "inquiry"
        },
        {
            "sys_id": "dc2cd5a2971b0210c44d7e70f053af36",
            "number": "INC0010050",
            "category": "inquiry"
        },
        {
            "sys_id": "df6eef5c97030210c44d7e70f053af9e",
            "number": "INC0010020",
            "category": "inquiry"
        },
        {
            "sys_id": "e3aa4d7797d30210c44d7e70f053af9e",
            "number": "INC0010106",
            "category": "inquiry"
        },
        {
            "sys_id": "e481593f97d30210c44d7e70f053af03",
            "number": "INC0010122",
            "category": "software"
        },
        {
            "sys_id": "e5a020eb97530210c44d7e70f053afaf",
            "number": "INC0010064",
            "category": "inquiry"
        },
        {
            "sys_id": "e603fdbb97570210c44d7e70f053afcb",
            "number": "INC0010126",
            "category": "software"
        },
        {
            "sys_id": "e6544dbf97930210c44d7e70f053afe3",
            "number": "INC0010094",
            "category": "inquiry"
        },
        {
            "sys_id": "e7526caf97530210c44d7e70f053afb7",
            "number": "INC0010072",
            "category": "inquiry"
        },
        {
            "sys_id": "e799a42397c20210c44d7e70f053af06",
            "number": "INC0010010",
            "category": "software"
        },
        {
            "sys_id": "e8caedcbc0a80164017df472f39eaed1",
            "number": "INC0000003",
            "category": "network"
        },
        {
            "sys_id": "eaa0e06f97530210c44d7e70f053afd5",
            "number": "INC0010066",
            "category": "inquiry"
        },
        {
            "sys_id": "eaeb35f397970210c44d7e70f053afe5",
            "number": "INC0010129",
            "category": "software"
        },
        {
            "sys_id": "ec7238bf97530210c44d7e70f053af1d",
            "number": "INC0010081",
            "category": "software"
        },
        {
            "sys_id": "ecde857b97d30210c44d7e70f053afbf",
            "number": "INC0010111",
            "category": "inquiry"
        },
        {
            "sys_id": "ed29e33797830210c44d7e70f053af7d",
            "number": "INC0010039",
            "category": "inquiry"
        },
        {
            "sys_id": "ed3f30bb97930210c44d7e70f053af40",
            "number": "INC0010087",
            "category": "software"
        },
        {
            "sys_id": "ed92e8d173d023002728660c4cf6a7bc",
            "number": "INC0009005",
            "category": "software"
        },
        {
            "sys_id": "ef4225a40a0a0b5700d0b8a790747812",
            "number": "INC0000049",
            "category": "network"
        },
        {
            "sys_id": "ef43c6d40a0a0b5700c77f9bf387afe3",
            "number": "INC0000050",
            "category": "hardware"
        },
        {
            "sys_id": "f12ca184735123002728660c4cf6a7ef",
            "number": "INC0007001",
            "category": "hardware"
        },
        {
            "sys_id": "f279e77797830210c44d7e70f053af0e",
            "number": "INC0010040",
            "category": "inquiry"
        },
        {
            "sys_id": "f301d9bb97d30210c44d7e70f053af2b",
            "number": "INC0010117",
            "category": "inquiry"
        },
        {
            "sys_id": "f43acdf397d30210c44d7e70f053af2c",
            "number": "INC0010104",
            "category": "inquiry"
        },
        {
            "sys_id": "f6109dbb97d30210c44d7e70f053af9b",
            "number": "INC0010115",
            "category": "hardware"
        },
        {
            "sys_id": "f63b0db797d30210c44d7e70f053af8f",
            "number": "INC0010109",
            "category": "inquiry"
        },
        {
            "sys_id": "f758396797230210c44d7e70f053af57",
            "number": "INC0010156",
            "category": "inquiry"
        },
        {
            "sys_id": "f764dd4597470210c44d7e70f053afeb",
            "number": "INC0010030",
            "category": "software"
        },
        {
            "sys_id": "f7e8c20297230210c44d7e70f053af7f",
            "number": "INC0010145",
            "category": "inquiry"
        },
        {
            "sys_id": "f98785f397d30210c44d7e70f053af48",
            "number": "INC0010096",
            "category": "inquiry"
        },
        {
            "sys_id": "fb71913f97d30210c44d7e70f053afa8",
            "number": "INC0010121",
            "category": "inquiry"
        },
        {
            "sys_id": "ff4c21c4735123002728660c4cf6a758",
            "number": "INC0007002",
            "category": "inquiry"
        }
    ]
}
Random Incident Number: INC0010147
]]></system-out>
  </testcase>
  <testcase name="runScenario[&quot;Get all incidents&quot;, &quot;ServiceNow Incident Management&quot;](2)" classname="runner.TestRunner" time="3.939">
    <system-out><![CDATA[Request method:	POST
Request URI:	https://dev231612.service-now.com/api/now/table/incident
Proxy:			<none>
Request params:	<none>
Query params:	<none>
Form params:	<none>
Path params:	<none>
Headers:		Accept=application/json
				Content-Type=application/json
Cookies:		<none>
Multiparts:		<none>
Body:
{
    "short_description": "This is created by Rest Assured",
    "category": "software"
}
]]></system-out>
  </testcase>
</testsuite>