<?xml version="1.0" encoding="UTF-8"?>
<testng-results ignored="0" total="1" passed="1" failed="0" skipped="0">
  <reporter-output>
  </reporter-output>
  <suite started-at="2024-08-28T23:57:06 IST" name="Default suite" finished-at="2024-08-28T23:57:11 IST" duration-ms="4726">
    <groups>
    </groups>
    <test started-at="2024-08-28T23:57:06 IST" name="Default test" finished-at="2024-08-28T23:57:11 IST" duration-ms="4726">
      <class name="week5.day2.mocking.Recorder">
        <test-method signature="createIncident()[pri:0, instance:week5.day2.mocking.Recorder@7e5afaa6]" started-at="2024-08-28T23:57:06 IST" name="createIncident" finished-at="2024-08-28T23:57:11 IST" duration-ms="4691" status="PASS">
          <reporter-output>
          </reporter-output>
        </test-method> <!-- createIncident -->
      </class> <!-- week5.day2.mocking.Recorder -->
    </test> <!-- Default test -->
  </suite> <!-- Default suite -->
</testng-results>
